<?xml version="1.0" encoding="UTF-8"?>
<!-- Generated by org.testng.reporters.JUnitReportReporter -->
<testsuite hostname="MSI" failures="0" tests="1" name="test.Lotuseyetest" time="19.089" errors="0" timestamp="2024-09-09T12:35:33 IST" skipped="0">
  <testcase classname="test.Lotuseyetest" name="testAppointment" time="19.089"/>
</testsuite> <!-- test.Lotuseyetest -->
